# JRE version: OpenJDK Runtime Environment Temurin-21.0.9+10 (21.0.9+10) (build 21.0.9+10-LTS)
# Java VM: OpenJDK 64-Bit Server VM Temurin-21.0.9+10 (21.0.9+10-LTS, mixed mode, emulated-client, sharing, tiered, compressed oops, compressed class ptrs, g1 gc, windows-amd64)
GC Precious Log:
 CardTable entry size: 512
 Card Set container configuration: InlinePtr #cards 4 size 8 Array Of Cards #cards 16 size 48 Howl #buckets 8 coarsen threshold 3686 Howl Bitmap #cards 512 size 80 coarsen threshold 460 Card regions per heap region 1 cards per card region 4096
 CPUs: 8 total, 8 available
 Memory: 16198M
 Large Page Support: Disabled
 NUMA Support: Disabled
 Compressed Oops: Enabled (Zero based)
 Heap Region Size: 2M
 Heap Min Capacity: 8M
 Heap Initial Capacity: 254M
 Heap Max Capacity: 4050M
 Pre-touch: Disabled
 Parallel Workers: 8
 Concurrent Workers: 2
 Concurrent Refinement Workers: 8
 Periodic GC: Disabled
Heap:
 garbage-first heap   total 122880K, used 103412K [0x0000000702e00000, 0x0000000800000000)
  region size 2048K, 23 young (47104K), 2 survivors (4096K)
 Metaspace       used 89275K, committed 90176K, reserved 1179648K
  class space    used 13010K, committed 13440K, reserved 1048576K
GC Heap History (20 events):
Event: 15.380 GC heap before
{Heap before GC invocations=21 (full 0):
 garbage-first heap   total 90112K, used 82399K [0x0000000702e00000, 0x0000000800000000)
  region size 2048K, 26 young (53248K), 3 survivors (6144K)
 Metaspace       used 65134K, committed 65856K, reserved 1114112K
  class space    used 9306K, committed 9664K, reserved 1048576K
}
Event: 15.390 GC heap after
{Heap after GC invocations=22 (full 0):
 garbage-first heap   total 110592K, used 36527K [0x0000000702e00000, 0x0000000800000000)
  region size 2048K, 3 young (6144K), 3 survivors (6144K)
 Metaspace       used 65134K, committed 65856K, reserved 1114112K
  class space    used 9306K, committed 9664K, reserved 1048576K
}
Event: 16.357 GC heap before
{Heap before GC invocations=22 (full 0):
 garbage-first heap   total 110592K, used 95919K [0x0000000702e00000, 0x0000000800000000)
  region size 2048K, 32 young (65536K), 3 survivors (6144K)
 Metaspace       used 69603K, committed 70272K, reserved 1114112K
  class space    used 9933K, committed 10240K, reserved 1048576K
}
Event: 16.365 GC heap after
{Heap after GC invocations=23 (full 0):
 garbage-first heap   total 110592K, used 38591K [0x0000000702e00000, 0x0000000800000000)
  region size 2048K, 3 young (6144K), 3 survivors (6144K)
 Metaspace       used 69603K, committed 70272K, reserved 1114112K
  class space    used 9933K, committed 10240K, reserved 1048576K
}
Event: 17.282 GC heap before
{Heap before GC invocations=23 (full 0):
 garbage-first heap   total 110592K, used 95935K [0x0000000702e00000, 0x0000000800000000)
  region size 2048K, 32 young (65536K), 3 survivors (6144K)
 Metaspace       used 73190K, committed 73920K, reserved 1114112K
  class space    used 10596K, committed 10944K, reserved 1048576K
}
Event: 17.290 GC heap after
{Heap after GC invocations=24 (full 0):
 garbage-first heap   total 110592K, used 40619K [0x0000000702e00000, 0x0000000800000000)
  region size 2048K, 3 young (6144K), 3 survivors (6144K)
 Metaspace       used 73190K, committed 73920K, reserved 1114112K
  class space    used 10596K, committed 10944K, reserved 1048576K
}
Event: 17.988 GC heap before
{Heap before GC invocations=24 (full 0):
 garbage-first heap   total 110592K, used 100011K [0x0000000702e00000, 0x0000000800000000)
  region size 2048K, 32 young (65536K), 3 survivors (6144K)
 Metaspace       used 73750K, committed 74496K, reserved 1114112K
  class space    used 10670K, committed 11008K, reserved 1048576K
}
Event: 17.997 GC heap after
{Heap after GC invocations=25 (full 0):
 garbage-first heap   total 110592K, used 43151K [0x0000000702e00000, 0x0000000800000000)
  region size 2048K, 4 young (8192K), 4 survivors (8192K)
 Metaspace       used 73750K, committed 74496K, reserved 1114112K
  class space    used 10670K, committed 11008K, reserved 1048576K
}
Event: 19.241 GC heap before
{Heap before GC invocations=26 (full 0):
 garbage-first heap   total 110592K, used 100495K [0x0000000702e00000, 0x0000000800000000)
  region size 2048K, 32 young (65536K), 4 survivors (8192K)
 Metaspace       used 75257K, committed 76032K, reserved 1114112K
  class space    used 10955K, committed 11328K, reserved 1048576K
}
Event: 19.252 GC heap after
{Heap after GC invocations=27 (full 0):
 garbage-first heap   total 112640K, used 45984K [0x0000000702e00000, 0x0000000800000000)
  region size 2048K, 4 young (8192K), 4 survivors (8192K)
 Metaspace       used 75257K, committed 76032K, reserved 1114112K
  class space    used 10955K, committed 11328K, reserved 1048576K
}
Event: 19.955 GC heap before
{Heap before GC invocations=27 (full 0):
 garbage-first heap   total 112640K, used 103328K [0x0000000702e00000, 0x0000000800000000)
  region size 2048K, 32 young (65536K), 4 survivors (8192K)
 Metaspace       used 76655K, committed 77376K, reserved 1179648K
  class space    used 11181K, committed 11520K, reserved 1048576K
}
Event: 19.965 GC heap after
{Heap after GC invocations=28 (full 0):
 garbage-first heap   total 116736K, used 47357K [0x0000000702e00000, 0x0000000800000000)
  region size 2048K, 3 young (6144K), 3 survivors (6144K)
 Metaspace       used 76655K, committed 77376K, reserved 1179648K
  class space    used 11181K, committed 11520K, reserved 1048576K
}
Event: 20.819 GC heap before
{Heap before GC invocations=28 (full 0):
 garbage-first heap   total 116736K, used 106749K [0x0000000702e00000, 0x0000000800000000)
  region size 2048K, 32 young (65536K), 3 survivors (6144K)
 Metaspace       used 78175K, committed 78976K, reserved 1179648K
  class space    used 11438K, committed 11776K, reserved 1048576K
}
Event: 20.827 GC heap after
{Heap after GC invocations=29 (full 0):
 garbage-first heap   total 116736K, used 50188K [0x0000000702e00000, 0x0000000800000000)
  region size 2048K, 3 young (6144K), 3 survivors (6144K)
 Metaspace       used 78175K, committed 78976K, reserved 1179648K
  class space    used 11438K, committed 11776K, reserved 1048576K
}
Event: 21.901 GC heap before
{Heap before GC invocations=30 (full 0):
 garbage-first heap   total 116736K, used 105484K [0x0000000702e00000, 0x0000000800000000)
  region size 2048K, 31 young (63488K), 3 survivors (6144K)
 Metaspace       used 82044K, committed 82944K, reserved 1179648K
  class space    used 12016K, committed 12416K, reserved 1048576K
}
Event: 21.908 GC heap after
{Heap after GC invocations=31 (full 0):
 garbage-first heap   total 120832K, used 53755K [0x0000000702e00000, 0x0000000800000000)
  region size 2048K, 4 young (8192K), 4 survivors (8192K)
 Metaspace       used 82044K, committed 82944K, reserved 1179648K
  class space    used 12016K, committed 12416K, reserved 1048576K
}
Event: 52.377 GC heap before
{Heap before GC invocations=31 (full 0):
 garbage-first heap   total 120832K, used 109051K [0x0000000702e00000, 0x0000000800000000)
  region size 2048K, 31 young (63488K), 4 survivors (8192K)
 Metaspace       used 85577K, committed 86464K, reserved 1179648K
  class space    used 12534K, committed 12928K, reserved 1048576K
}
Event: 52.391 GC heap after
{Heap after GC invocations=32 (full 0):
 garbage-first heap   total 122880K, used 55283K [0x0000000702e00000, 0x0000000800000000)
  region size 2048K, 3 young (6144K), 3 survivors (6144K)
 Metaspace       used 85577K, committed 86464K, reserved 1179648K
  class space    used 12534K, committed 12928K, reserved 1048576K
}
Event: 511.959 GC heap before
{Heap before GC invocations=32 (full 0):
 garbage-first heap   total 122880K, used 96243K [0x0000000702e00000, 0x0000000800000000)
  region size 2048K, 25 young (51200K), 3 survivors (6144K)
 Metaspace       used 88874K, committed 89856K, reserved 1179648K
  class space    used 12993K, committed 13440K, reserved 1048576K
}
Event: 511.974 GC heap after
{Heap after GC invocations=33 (full 0):
 garbage-first heap   total 122880K, used 56308K [0x0000000702e00000, 0x0000000800000000)
  region size 2048K, 2 young (4096K), 2 survivors (4096K)
 Metaspace       used 88874K, committed 89856K, reserved 1179648K
  class space    used 12993K, committed 13440K, reserved 1048576K
}

